04/05/2015 19:23:55 (Std) 	+-+-+-+-+-+-+-+-+-+-+-+-+-+-+-+-+-+-+-+-+-+-+-+-+-+-+-+-+-+-+-+-+-+-+-+-+-+-+-+
04/05/2015 19:23:55 (Std) 	+                     Crazy Eddie's GUI System - Event log                    +
04/05/2015 19:23:55 (Std) 	+                          (http://www.cegui.org.uk/)                         +
04/05/2015 19:23:55 (Std) 	+-+-+-+-+-+-+-+-+-+-+-+-+-+-+-+-+-+-+-+-+-+-+-+-+-+-+-+-+-+-+-+-+-+-+-+-+-+-+-+

04/05/2015 19:23:55 (Std) 	CEGUI::Logger singleton created. (0xa8caf0)
04/05/2015 19:23:55 (Std) 	
04/05/2015 19:23:55 (Std) 	********************************************************************************
04/05/2015 19:23:55 (Std) 	* Important:                                                                   *
04/05/2015 19:23:55 (Std) 	*     To get support at the CEGUI forums, you must post _at least_ the section *
04/05/2015 19:23:55 (Std) 	*     of this log file indicated below.  Failure to do this will result in no  *
04/05/2015 19:23:55 (Std) 	*     support being given; please do not waste our time.                       *
04/05/2015 19:23:55 (Std) 	********************************************************************************
04/05/2015 19:23:55 (Std) 	********************************************************************************
04/05/2015 19:23:55 (Std) 	* -------- START OF ESSENTIAL SECTION TO BE POSTED ON THE FORUM       -------- *
04/05/2015 19:23:55 (Std) 	********************************************************************************
04/05/2015 19:23:55 (Std) 	---- Version 0.7.7 (Build: Nov 27 2014 GNU/Linux g++ 4.8.2 64 bit) ----
04/05/2015 19:23:55 (Std) 	---- Renderer module is: CEGUI::OgreRenderer - Official OGRE based 2nd generation renderer module. ----
04/05/2015 19:23:55 (Std) 	---- XML Parser module is: CEGUI::TinyXMLParser - Official tinyXML based parser module for CEGUI ----
04/05/2015 19:23:55 (Std) 	---- Image Codec module is: OgreImageCodec - Integrated ImageCodec using the Ogre engine. ----
04/05/2015 19:23:55 (Std) 	---- Scripting module is: None ----
04/05/2015 19:23:55 (Std) 	********************************************************************************
04/05/2015 19:23:55 (Std) 	* -------- END OF ESSENTIAL SECTION TO BE POSTED ON THE FORUM         -------- *
04/05/2015 19:23:55 (Std) 	********************************************************************************
04/05/2015 19:23:55 (Std) 	
04/05/2015 19:23:55 (Std) 	---- Begining CEGUI System initialisation ----
04/05/2015 19:23:55 (Std) 	CEGUI::ImagesetManager singleton created (0xa8e750)
04/05/2015 19:23:55 (Std) 	CEGUI::FontManager singleton created. (0xa8e880)
04/05/2015 19:23:55 (Std) 	CEGUI::WindowFactoryManager singleton created
04/05/2015 19:23:55 (Std) 	CEGUI::WindowManager singleton created (0xa8e9b0)
04/05/2015 19:23:55 (Std) 	CEGUI::SchemeManager singleton created. (0xa8ea50)
04/05/2015 19:23:55 (Std) 	CEGUI::MouseCursor singleton created. (0xa8d9c0)
04/05/2015 19:23:55 (Std) 	CEGUI::GlobalEventSet singleton created. (0xa8d3a0)
04/05/2015 19:23:55 (Std) 	CEGUI::AnimationManager singleton created (0xa90d70)
04/05/2015 19:23:55 (Std) 	CEGUI::WidgetLookManager singleton created. (0xa92240)
04/05/2015 19:23:55 (Std) 	CEGUI::WindowRendererManager singleton created (0xa8db10)
04/05/2015 19:23:55 (Std) 	CEGUI::RenderEffectManager singleton created (0xa8db50)
04/05/2015 19:23:55 (Std) 	Created WindowFactory for 'DefaultWindow' windows.
04/05/2015 19:23:55 (Std) 	WindowFactory for 'DefaultWindow' windows added. (0xa922c0)
04/05/2015 19:23:55 (Std) 	Created WindowFactory for 'DragContainer' windows.
04/05/2015 19:23:55 (Std) 	WindowFactory for 'DragContainer' windows added. (0xa92460)
04/05/2015 19:23:55 (Std) 	Created WindowFactory for 'ScrolledContainer' windows.
04/05/2015 19:23:55 (Std) 	WindowFactory for 'ScrolledContainer' windows added. (0xa92600)
04/05/2015 19:23:55 (Std) 	Created WindowFactory for 'ClippedContainer' windows.
04/05/2015 19:23:55 (Std) 	WindowFactory for 'ClippedContainer' windows added. (0xa927a0)
04/05/2015 19:23:55 (Std) 	Created WindowFactory for 'CEGUI/Checkbox' windows.
04/05/2015 19:23:55 (Std) 	WindowFactory for 'CEGUI/Checkbox' windows added. (0xa92940)
04/05/2015 19:23:55 (Std) 	Created WindowFactory for 'CEGUI/PushButton' windows.
04/05/2015 19:23:55 (Std) 	WindowFactory for 'CEGUI/PushButton' windows added. (0xa92ae0)
04/05/2015 19:23:55 (Std) 	Created WindowFactory for 'CEGUI/RadioButton' windows.
04/05/2015 19:23:55 (Std) 	WindowFactory for 'CEGUI/RadioButton' windows added. (0xa92c80)
04/05/2015 19:23:55 (Std) 	Created WindowFactory for 'CEGUI/Combobox' windows.
04/05/2015 19:23:55 (Std) 	WindowFactory for 'CEGUI/Combobox' windows added. (0xa92e20)
04/05/2015 19:23:55 (Std) 	Created WindowFactory for 'CEGUI/ComboDropList' windows.
04/05/2015 19:23:55 (Std) 	WindowFactory for 'CEGUI/ComboDropList' windows added. (0xa92fc0)
04/05/2015 19:23:55 (Std) 	Created WindowFactory for 'CEGUI/Editbox' windows.
04/05/2015 19:23:55 (Std) 	WindowFactory for 'CEGUI/Editbox' windows added. (0xa93280)
04/05/2015 19:23:55 (Std) 	Created WindowFactory for 'CEGUI/FrameWindow' windows.
04/05/2015 19:23:55 (Std) 	WindowFactory for 'CEGUI/FrameWindow' windows added. (0xa93420)
04/05/2015 19:23:55 (Std) 	Created WindowFactory for 'CEGUI/ItemEntry' windows.
04/05/2015 19:23:55 (Std) 	WindowFactory for 'CEGUI/ItemEntry' windows added. (0xa935c0)
04/05/2015 19:23:55 (Std) 	Created WindowFactory for 'CEGUI/Listbox' windows.
04/05/2015 19:23:55 (Std) 	WindowFactory for 'CEGUI/Listbox' windows added. (0xa93760)
04/05/2015 19:23:55 (Std) 	Created WindowFactory for 'CEGUI/ListHeader' windows.
04/05/2015 19:23:55 (Std) 	WindowFactory for 'CEGUI/ListHeader' windows added. (0xa93900)
04/05/2015 19:23:55 (Std) 	Created WindowFactory for 'CEGUI/ListHeaderSegment' windows.
04/05/2015 19:23:55 (Std) 	WindowFactory for 'CEGUI/ListHeaderSegment' windows added. (0xa93aa0)
04/05/2015 19:23:55 (Std) 	Created WindowFactory for 'CEGUI/Menubar' windows.
04/05/2015 19:23:55 (Std) 	WindowFactory for 'CEGUI/Menubar' windows added. (0xa93c40)
04/05/2015 19:23:55 (Std) 	Created WindowFactory for 'CEGUI/PopupMenu' windows.
04/05/2015 19:23:55 (Std) 	WindowFactory for 'CEGUI/PopupMenu' windows added. (0xa93de0)
04/05/2015 19:23:55 (Std) 	Created WindowFactory for 'CEGUI/MenuItem' windows.
04/05/2015 19:23:55 (Std) 	WindowFactory for 'CEGUI/MenuItem' windows added. (0xa93080)
04/05/2015 19:23:55 (Std) 	Created WindowFactory for 'CEGUI/MultiColumnList' windows.
04/05/2015 19:23:55 (Std) 	WindowFactory for 'CEGUI/MultiColumnList' windows added. (0xa94170)
04/05/2015 19:23:55 (Std) 	Created WindowFactory for 'CEGUI/MultiLineEditbox' windows.
04/05/2015 19:23:55 (Std) 	WindowFactory for 'CEGUI/MultiLineEditbox' windows added. (0xa94310)
04/05/2015 19:23:55 (Std) 	Created WindowFactory for 'CEGUI/ProgressBar' windows.
04/05/2015 19:23:55 (Std) 	WindowFactory for 'CEGUI/ProgressBar' windows added. (0xa944b0)
04/05/2015 19:23:55 (Std) 	Created WindowFactory for 'CEGUI/ScrollablePane' windows.
04/05/2015 19:23:55 (Std) 	WindowFactory for 'CEGUI/ScrollablePane' windows added. (0xa94650)
04/05/2015 19:23:55 (Std) 	Created WindowFactory for 'CEGUI/Scrollbar' windows.
04/05/2015 19:23:55 (Std) 	WindowFactory for 'CEGUI/Scrollbar' windows added. (0xa947f0)
04/05/2015 19:23:55 (Std) 	Created WindowFactory for 'CEGUI/Slider' windows.
04/05/2015 19:23:55 (Std) 	WindowFactory for 'CEGUI/Slider' windows added. (0xa94990)
04/05/2015 19:23:55 (Std) 	Created WindowFactory for 'CEGUI/Spinner' windows.
04/05/2015 19:23:55 (Std) 	WindowFactory for 'CEGUI/Spinner' windows added. (0xa94b30)
04/05/2015 19:23:55 (Std) 	Created WindowFactory for 'CEGUI/TabButton' windows.
04/05/2015 19:23:55 (Std) 	WindowFactory for 'CEGUI/TabButton' windows added. (0xa94cd0)
04/05/2015 19:23:55 (Std) 	Created WindowFactory for 'CEGUI/TabControl' windows.
04/05/2015 19:23:55 (Std) 	WindowFactory for 'CEGUI/TabControl' windows added. (0xa94e70)
04/05/2015 19:23:55 (Std) 	Created WindowFactory for 'CEGUI/Thumb' windows.
04/05/2015 19:23:55 (Std) 	WindowFactory for 'CEGUI/Thumb' windows added. (0xa95010)
04/05/2015 19:23:55 (Std) 	Created WindowFactory for 'CEGUI/Titlebar' windows.
04/05/2015 19:23:55 (Std) 	WindowFactory for 'CEGUI/Titlebar' windows added. (0xa951b0)
04/05/2015 19:23:55 (Std) 	Created WindowFactory for 'CEGUI/Tooltip' windows.
04/05/2015 19:23:55 (Std) 	WindowFactory for 'CEGUI/Tooltip' windows added. (0xa95350)
04/05/2015 19:23:55 (Std) 	Created WindowFactory for 'CEGUI/ItemListbox' windows.
04/05/2015 19:23:55 (Std) 	WindowFactory for 'CEGUI/ItemListbox' windows added. (0xa954f0)
04/05/2015 19:23:55 (Std) 	Created WindowFactory for 'CEGUI/GroupBox' windows.
04/05/2015 19:23:55 (Std) 	WindowFactory for 'CEGUI/GroupBox' windows added. (0xa95690)
04/05/2015 19:23:55 (Std) 	Created WindowFactory for 'CEGUI/Tree' windows.
04/05/2015 19:23:55 (Std) 	WindowFactory for 'CEGUI/Tree' windows added. (0xa95830)
04/05/2015 19:23:55 (Std) 	Created WindowFactory for 'HorizontalLayoutContainer' windows.
04/05/2015 19:23:55 (Std) 	WindowFactory for 'HorizontalLayoutContainer' windows added. (0xa93f80)
04/05/2015 19:23:55 (Std) 	Created WindowFactory for 'VerticalLayoutContainer' windows.
04/05/2015 19:23:55 (Std) 	WindowFactory for 'VerticalLayoutContainer' windows added. (0xa95cc0)
04/05/2015 19:23:55 (Std) 	Created WindowFactory for 'GridLayoutContainer' windows.
04/05/2015 19:23:55 (Std) 	WindowFactory for 'GridLayoutContainer' windows added. (0xa95e60)
04/05/2015 19:23:55 (Std) 	Window type alias named 'DefaultGUISheet' added for window type 'DefaultWindow'.
04/05/2015 19:23:55 (Std) 	CEGUI::System singleton created. (0xa8c6e0)
04/05/2015 19:23:55 (Std) 	---- CEGUI System initialisation completed ----
04/05/2015 19:23:55 (Std) 	
04/05/2015 19:23:55 (Std) 	Started creation of Scheme from XML specification:
04/05/2015 19:23:55 (Std) 	---- CEGUI GUIScheme name: Physigui
04/05/2015 19:23:55 (Std) 	Started creation of Imageset from XML specification:
04/05/2015 19:23:55 (Std) 	---- CEGUI Imageset name: Physigui
04/05/2015 19:23:55 (Std) 	---- Source texture file: GUI_menu.png in resource group: (Default)
04/05/2015 19:23:55 (Std) 	===== Falagard 'root' element: look and feel parsing begins =====
04/05/2015 19:23:55 (Std) 	===== Look and feel parsing completed =====
04/05/2015 19:23:55 (Std) 	No window renderer factories specified for module 'CEGUIFalagardWRBase' - adding all available factories...
04/05/2015 19:23:55 (Std) 	Created WindowRendererFactory for 'Falagard/Button' WindowRenderers.
04/05/2015 19:23:55 (Std) 	WindowRendererFactory 'Falagard/Button' added. (0xaa4880)
04/05/2015 19:23:55 (Std) 	Created WindowRendererFactory for 'Falagard/Default' WindowRenderers.
04/05/2015 19:23:55 (Std) 	WindowRendererFactory 'Falagard/Default' added. (0xaa3d60)
04/05/2015 19:23:55 (Std) 	Created WindowRendererFactory for 'Falagard/Editbox' WindowRenderers.
04/05/2015 19:23:55 (Std) 	WindowRendererFactory 'Falagard/Editbox' added. (0xaf17b0)
04/05/2015 19:23:55 (Std) 	Created WindowRendererFactory for 'Falagard/FrameWindow' WindowRenderers.
04/05/2015 19:23:55 (Std) 	WindowRendererFactory 'Falagard/FrameWindow' added. (0xaf1870)
04/05/2015 19:23:55 (Std) 	Created WindowRendererFactory for 'Falagard/ItemEntry' WindowRenderers.
04/05/2015 19:23:55 (Std) 	WindowRendererFactory 'Falagard/ItemEntry' added. (0xaeed70)
04/05/2015 19:23:55 (Std) 	Created WindowRendererFactory for 'Falagard/ListHeader' WindowRenderers.
04/05/2015 19:23:55 (Std) 	WindowRendererFactory 'Falagard/ListHeader' added. (0xaeef10)
04/05/2015 19:23:55 (Std) 	Created WindowRendererFactory for 'Falagard/ListHeaderSegment' WindowRenderers.
04/05/2015 19:23:55 (Std) 	WindowRendererFactory 'Falagard/ListHeaderSegment' added. (0xaef0b0)
04/05/2015 19:23:55 (Std) 	Created WindowRendererFactory for 'Falagard/Listbox' WindowRenderers.
04/05/2015 19:23:55 (Std) 	WindowRendererFactory 'Falagard/Listbox' added. (0xaef250)
04/05/2015 19:23:55 (Std) 	Created WindowRendererFactory for 'Falagard/Menubar' WindowRenderers.
04/05/2015 19:23:55 (Std) 	WindowRendererFactory 'Falagard/Menubar' added. (0xd8f4a0)
04/05/2015 19:23:55 (Std) 	Created WindowRendererFactory for 'Falagard/MenuItem' WindowRenderers.
04/05/2015 19:23:55 (Std) 	WindowRendererFactory 'Falagard/MenuItem' added. (0xd8f640)
04/05/2015 19:23:55 (Std) 	Created WindowRendererFactory for 'Falagard/MultiColumnList' WindowRenderers.
04/05/2015 19:23:55 (Std) 	WindowRendererFactory 'Falagard/MultiColumnList' added. (0xd8f7e0)
04/05/2015 19:23:55 (Std) 	Created WindowRendererFactory for 'Falagard/MultiLineEditbox' WindowRenderers.
04/05/2015 19:23:55 (Std) 	WindowRendererFactory 'Falagard/MultiLineEditbox' added. (0xd8f980)
04/05/2015 19:23:55 (Std) 	Created WindowRendererFactory for 'Falagard/PopupMenu' WindowRenderers.
04/05/2015 19:23:55 (Std) 	WindowRendererFactory 'Falagard/PopupMenu' added. (0xd8fb20)
04/05/2015 19:23:55 (Std) 	Created WindowRendererFactory for 'Falagard/ProgressBar' WindowRenderers.
04/05/2015 19:23:55 (Std) 	WindowRendererFactory 'Falagard/ProgressBar' added. (0xd856b0)
04/05/2015 19:23:55 (Std) 	Created WindowRendererFactory for 'Falagard/ScrollablePane' WindowRenderers.
04/05/2015 19:23:55 (Std) 	WindowRendererFactory 'Falagard/ScrollablePane' added. (0xd85850)
04/05/2015 19:23:55 (Std) 	Created WindowRendererFactory for 'Falagard/Scrollbar' WindowRenderers.
04/05/2015 19:23:55 (Std) 	WindowRendererFactory 'Falagard/Scrollbar' added. (0xd859f0)
04/05/2015 19:23:55 (Std) 	Created WindowRendererFactory for 'Falagard/Slider' WindowRenderers.
04/05/2015 19:23:55 (Std) 	WindowRendererFactory 'Falagard/Slider' added. (0xd85b90)
04/05/2015 19:23:55 (Std) 	Created WindowRendererFactory for 'Falagard/Static' WindowRenderers.
04/05/2015 19:23:55 (Std) 	WindowRendererFactory 'Falagard/Static' added. (0xd85e40)
04/05/2015 19:23:55 (Std) 	Created WindowRendererFactory for 'Falagard/StaticImage' WindowRenderers.
04/05/2015 19:23:55 (Std) 	WindowRendererFactory 'Falagard/StaticImage' added. (0xd8dcb0)
04/05/2015 19:23:55 (Std) 	Created WindowRendererFactory for 'Falagard/StaticText' WindowRenderers.
04/05/2015 19:23:55 (Std) 	WindowRendererFactory 'Falagard/StaticText' added. (0xd8de50)
04/05/2015 19:23:55 (Std) 	Created WindowRendererFactory for 'Falagard/SystemButton' WindowRenderers.
04/05/2015 19:23:55 (Std) 	WindowRendererFactory 'Falagard/SystemButton' added. (0xd8dff0)
04/05/2015 19:23:55 (Std) 	Created WindowRendererFactory for 'Falagard/TabButton' WindowRenderers.
04/05/2015 19:23:55 (Std) 	WindowRendererFactory 'Falagard/TabButton' added. (0xd8e190)
04/05/2015 19:23:55 (Std) 	Created WindowRendererFactory for 'Falagard/TabControl' WindowRenderers.
04/05/2015 19:23:55 (Std) 	WindowRendererFactory 'Falagard/TabControl' added. (0xd8e330)
04/05/2015 19:23:55 (Std) 	Created WindowRendererFactory for 'Falagard/Titlebar' WindowRenderers.
04/05/2015 19:23:55 (Std) 	WindowRendererFactory 'Falagard/Titlebar' added. (0xd8e4d0)
04/05/2015 19:23:55 (Std) 	Created WindowRendererFactory for 'Falagard/ToggleButton' WindowRenderers.
04/05/2015 19:23:55 (Std) 	WindowRendererFactory 'Falagard/ToggleButton' added. (0xd8e670)
04/05/2015 19:23:55 (Std) 	Created WindowRendererFactory for 'Falagard/Tooltip' WindowRenderers.
04/05/2015 19:23:55 (Std) 	WindowRendererFactory 'Falagard/Tooltip' added. (0xd8e810)
04/05/2015 19:23:55 (Std) 	Created WindowRendererFactory for 'Falagard/ItemListbox' WindowRenderers.
04/05/2015 19:23:55 (Std) 	WindowRendererFactory 'Falagard/ItemListbox' added. (0xd8e9b0)
04/05/2015 19:23:55 (Std) 	Created WindowRendererFactory for 'Falagard/Tree' WindowRenderers.
04/05/2015 19:23:55 (Std) 	WindowRendererFactory 'Falagard/Tree' added. (0xd80950)
04/05/2015 19:23:55 (Std) 	Creating falagard mapping for type 'Physigui/Button' using base type 'CEGUI/PushButton', window renderer 'Falagard/Button' Look'N'Feel 'Physigui/Button' and RenderEffect ''. (0x7ffc3936a5f0)
04/05/2015 19:23:55 (Std) 	Creating falagard mapping for type 'Physigui/Checkbox' using base type 'CEGUI/Checkbox', window renderer 'Falagard/ToggleButton' Look'N'Feel 'Physigui/Checkbox' and RenderEffect ''. (0x7ffc3936a5f0)
04/05/2015 19:23:55 (Std) 	Creating falagard mapping for type 'Physigui/ImageButton' using base type 'CEGUI/PushButton', window renderer 'Falagard/Button' Look'N'Feel 'Physigui/ImageButton' and RenderEffect ''. (0x7ffc3936a5f0)
04/05/2015 19:23:55 (Std) 	Creating falagard mapping for type 'Physigui/RadioButton' using base type 'CEGUI/RadioButton', window renderer 'Falagard/ToggleButton' Look'N'Feel 'Physigui/RadioButton' and RenderEffect ''. (0x7ffc3936a5f0)
04/05/2015 19:23:55 (Std) 	Creating falagard mapping for type 'Physigui/FrameWindow' using base type 'CEGUI/FrameWindow', window renderer 'Falagard/FrameWindow' Look'N'Feel 'Physigui/FrameWindow' and RenderEffect ''. (0x7ffc3936a5f0)
04/05/2015 19:23:55 (Std) 	Creating falagard mapping for type 'Physigui/Titlebar' using base type 'CEGUI/Titlebar', window renderer 'Falagard/Titlebar' Look'N'Feel 'Physigui/Titlebar' and RenderEffect ''. (0x7ffc3936a5f0)
04/05/2015 19:23:55 (Std) 	Creating falagard mapping for type 'Physigui/SystemButton' using base type 'CEGUI/PushButton', window renderer 'Falagard/SystemButton' Look'N'Feel 'Physigui/Button' and RenderEffect ''. (0x7ffc3936a5f0)
04/05/2015 19:23:55 (Std) 	Creating falagard mapping for type 'Physigui/Editbox' using base type 'CEGUI/Editbox', window renderer 'Falagard/Editbox' Look'N'Feel 'Physigui/Editbox' and RenderEffect ''. (0x7ffc3936a5f0)
04/05/2015 19:23:55 (Std) 	Creating falagard mapping for type 'Physigui/MultiLineEditbox' using base type 'CEGUI/MultiLineEditbox', window renderer 'Falagard/MultiLineEditbox' Look'N'Feel 'Physigui/MultiLineEditbox' and RenderEffect ''. (0x7ffc3936a5f0)
04/05/2015 19:23:55 (Std) 	Creating falagard mapping for type 'Physigui/Menubar' using base type 'CEGUI/Menubar', window renderer 'Falagard/Menubar' Look'N'Feel 'Physigui/Menubar' and RenderEffect ''. (0x7ffc3936a5f0)
04/05/2015 19:23:55 (Std) 	Creating falagard mapping for type 'Physigui/PopupMenu' using base type 'CEGUI/PopupMenu', window renderer 'Falagard/PopupMenu' Look'N'Feel 'Physigui/PopupMenu' and RenderEffect ''. (0x7ffc3936a5f0)
04/05/2015 19:23:55 (Std) 	Creating falagard mapping for type 'Physigui/MenuItem' using base type 'CEGUI/MenuItem', window renderer 'Falagard/MenuItem' Look'N'Feel 'Physigui/MenuItem' and RenderEffect ''. (0x7ffc3936a5f0)
04/05/2015 19:23:55 (Std) 	Creating falagard mapping for type 'Physigui/AlternateProgressBar' using base type 'CEGUI/ProgressBar', window renderer 'Falagard/ProgressBar' Look'N'Feel 'Physigui/AltProgressBar' and RenderEffect ''. (0x7ffc3936a5f0)
04/05/2015 19:23:55 (Std) 	Creating falagard mapping for type 'Physigui/ProgressBar' using base type 'CEGUI/ProgressBar', window renderer 'Falagard/ProgressBar' Look'N'Feel 'Physigui/ProgressBar' and RenderEffect ''. (0x7ffc3936a5f0)
04/05/2015 19:23:55 (Std) 	Creating falagard mapping for type 'Physigui/VUMeter' using base type 'CEGUI/ProgressBar', window renderer 'Falagard/ProgressBar' Look'N'Feel 'Physigui/VUMeter' and RenderEffect ''. (0x7ffc3936a5f0)
04/05/2015 19:23:55 (Std) 	Creating falagard mapping for type 'Physigui/VerticalScrollbar' using base type 'CEGUI/Scrollbar', window renderer 'Falagard/Scrollbar' Look'N'Feel 'Physigui/VerticalScrollbar' and RenderEffect ''. (0x7ffc3936a5f0)
04/05/2015 19:23:55 (Std) 	Creating falagard mapping for type 'Physigui/HorizontalScrollbar' using base type 'CEGUI/Scrollbar', window renderer 'Falagard/Scrollbar' Look'N'Feel 'Physigui/HorizontalScrollbar' and RenderEffect ''. (0x7ffc3936a5f0)
04/05/2015 19:23:55 (Std) 	Creating falagard mapping for type 'Physigui/VerticalScrollbarThumb' using base type 'CEGUI/Thumb', window renderer 'Falagard/Button' Look'N'Feel 'Physigui/VerticalScrollbarThumb' and RenderEffect ''. (0x7ffc3936a5f0)
04/05/2015 19:23:55 (Std) 	Creating falagard mapping for type 'Physigui/HorizontalScrollbarThumb' using base type 'CEGUI/Thumb', window renderer 'Falagard/Button' Look'N'Feel 'Physigui/HorizontalScrollbarThumb' and RenderEffect ''. (0x7ffc3936a5f0)
04/05/2015 19:23:55 (Std) 	Creating falagard mapping for type 'Physigui/LargeVerticalScrollbar' using base type 'CEGUI/Scrollbar', window renderer 'Falagard/Scrollbar' Look'N'Feel 'Physigui/LargeVerticalScrollbar' and RenderEffect ''. (0x7ffc3936a5f0)
04/05/2015 19:23:55 (Std) 	Creating falagard mapping for type 'Physigui/LargeVerticalScrollbarThumb' using base type 'CEGUI/Thumb', window renderer 'Falagard/Button' Look'N'Feel 'Physigui/LargeVerticalScrollbarThumb' and RenderEffect ''. (0x7ffc3936a5f0)
04/05/2015 19:23:55 (Std) 	Creating falagard mapping for type 'Physigui/TabButton' using base type 'CEGUI/TabButton', window renderer 'Falagard/TabButton' Look'N'Feel 'Physigui/TabButton' and RenderEffect ''. (0x7ffc3936a5f0)
04/05/2015 19:23:55 (Std) 	Creating falagard mapping for type 'Physigui/TabControl' using base type 'CEGUI/TabControl', window renderer 'Falagard/TabControl' Look'N'Feel 'Physigui/TabControl' and RenderEffect ''. (0x7ffc3936a5f0)
04/05/2015 19:23:55 (Std) 	Creating falagard mapping for type 'Physigui/TabContentPane' using base type 'DefaultWindow', window renderer 'Falagard/Default' Look'N'Feel 'Physigui/TabContentPane' and RenderEffect ''. (0x7ffc3936a5f0)
04/05/2015 19:23:55 (Std) 	Creating falagard mapping for type 'Physigui/TabButtonPane' using base type 'DefaultWindow', window renderer 'Falagard/Default' Look'N'Feel 'Physigui/TabButtonPane' and RenderEffect ''. (0x7ffc3936a5f0)
04/05/2015 19:23:55 (Std) 	Creating falagard mapping for type 'Physigui/ComboDropList' using base type 'CEGUI/ComboDropList', window renderer 'Falagard/Listbox' Look'N'Feel 'Physigui/ComboDropList' and RenderEffect ''. (0x7ffc3936a5f0)
04/05/2015 19:23:55 (Std) 	Creating falagard mapping for type 'Physigui/ComboEditbox' using base type 'CEGUI/Editbox', window renderer 'Falagard/Editbox' Look'N'Feel 'Physigui/ComboEditbox' and RenderEffect ''. (0x7ffc3936a5f0)
04/05/2015 19:23:55 (Std) 	Creating falagard mapping for type 'Physigui/Combobox' using base type 'CEGUI/Combobox', window renderer 'Falagard/Default' Look'N'Feel 'Physigui/Combobox' and RenderEffect ''. (0x7ffc3936a5f0)
04/05/2015 19:23:55 (Std) 	Creating falagard mapping for type 'Physigui/Listbox' using base type 'CEGUI/Listbox', window renderer 'Falagard/Listbox' Look'N'Feel 'Physigui/Listbox' and RenderEffect ''. (0x7ffc3936a5f0)
04/05/2015 19:23:55 (Std) 	Creating falagard mapping for type 'Physigui/ListHeader' using base type 'CEGUI/ListHeader', window renderer 'Falagard/ListHeader' Look'N'Feel 'Physigui/ListHeader' and RenderEffect ''. (0x7ffc3936a5f0)
04/05/2015 19:23:55 (Std) 	Creating falagard mapping for type 'Physigui/ListHeaderSegment' using base type 'CEGUI/ListHeaderSegment', window renderer 'Falagard/ListHeaderSegment' Look'N'Feel 'Physigui/ListHeaderSegment' and RenderEffect ''. (0x7ffc3936a5f0)
04/05/2015 19:23:55 (Std) 	Creating falagard mapping for type 'Physigui/MultiColumnList' using base type 'CEGUI/MultiColumnList', window renderer 'Falagard/MultiColumnList' Look'N'Feel 'Physigui/MultiColumnList' and RenderEffect ''. (0x7ffc3936a5f0)
04/05/2015 19:23:55 (Std) 	Creating falagard mapping for type 'Physigui/Slider' using base type 'CEGUI/Slider', window renderer 'Falagard/Slider' Look'N'Feel 'Physigui/Slider' and RenderEffect ''. (0x7ffc3936a5f0)
04/05/2015 19:23:55 (Std) 	Creating falagard mapping for type 'Physigui/SliderThumb' using base type 'CEGUI/Thumb', window renderer 'Falagard/Button' Look'N'Feel 'Physigui/SliderThumb' and RenderEffect ''. (0x7ffc3936a5f0)
04/05/2015 19:23:55 (Std) 	Creating falagard mapping for type 'Physigui/ScrollablePane' using base type 'CEGUI/ScrollablePane', window renderer 'Falagard/ScrollablePane' Look'N'Feel 'Physigui/ScrollablePane' and RenderEffect ''. (0x7ffc3936a5f0)
04/05/2015 19:23:55 (Std) 	Creating falagard mapping for type 'Physigui/Spinner' using base type 'CEGUI/Spinner', window renderer 'Falagard/Default' Look'N'Feel 'Physigui/Spinner' and RenderEffect ''. (0x7ffc3936a5f0)
04/05/2015 19:23:55 (Std) 	Creating falagard mapping for type 'Physigui/Tooltip' using base type 'CEGUI/Tooltip', window renderer 'Falagard/Tooltip' Look'N'Feel 'Physigui/Tooltip' and RenderEffect ''. (0x7ffc3936a5f0)
04/05/2015 19:23:55 (Std) 	Creating falagard mapping for type 'Physigui/StaticImage' using base type 'DefaultWindow', window renderer 'Falagard/StaticImage' Look'N'Feel 'Physigui/StaticImage' and RenderEffect ''. (0x7ffc3936a5f0)
04/05/2015 19:23:55 (Std) 	Creating falagard mapping for type 'Physigui/StaticText' using base type 'DefaultWindow', window renderer 'Falagard/StaticText' Look'N'Feel 'Physigui/StaticText' and RenderEffect ''. (0x7ffc3936a5f0)
04/05/2015 19:23:55 (Std) 	Creating falagard mapping for type 'Physigui/ItemListbox' using base type 'CEGUI/ItemListbox', window renderer 'Falagard/ItemListbox' Look'N'Feel 'Physigui/ItemListbox' and RenderEffect ''. (0x7ffc3936a5f0)
04/05/2015 19:23:55 (Std) 	Creating falagard mapping for type 'Physigui/ListboxItem' using base type 'CEGUI/ItemEntry', window renderer 'Falagard/ItemEntry' Look'N'Feel 'Physigui/ListboxItem' and RenderEffect ''. (0x7ffc3936a5f0)
04/05/2015 19:23:55 (Std) 	Started creation of Imageset from XML specification:
04/05/2015 19:23:55 (Std) 	---- CEGUI Imageset name: Physigui
04/05/2015 19:23:55 (Std) 	---- Source texture file: GUI_menu.png in resource group: (Default)
04/05/2015 19:23:55 (Std) 	---- Returning existing instance of Imageset named 'Physigui'.
04/05/2015 19:23:55 (Std) 	Attempting to create FreeType font 'tenby-five' using font file 'tenby-five.otf'.
04/05/2015 19:23:55 (Std) 	---- Successfully completed loading of GUI layout from 'Init.layout' ----
04/05/2015 19:23:55 (Std) 	Attempting to create Imageset 'tenby-five_auto_glyph_images_ ' with texture only.
04/05/2015 19:23:59 (Std) 	---- Successfully completed loading of GUI layout from 'Controls.layout' ----
04/05/2015 19:24:23 (Std) 	---- Successfully completed loading of GUI layout from 'Init.layout' ----
